<?xml version="1.0" encoding="UTF-8"?>
<testng-results ignored="0" total="0" passed="0" failed="0" skipped="0">
  <reporter-output>
  </reporter-output>
  <suite started-at="2023-12-05T10:53:33 IST" name="cucumberreport" finished-at="2023-12-05T10:53:33 IST" duration-ms="11">
    <groups>
    </groups>
    <test started-at="2023-12-05T10:53:33 IST" name="test01" finished-at="2023-12-05T10:53:33 IST" duration-ms="11">
    </test> <!-- test01 -->
  </suite> <!-- cucumberreport -->
</testng-results>
